<?xml version="1.0" encoding="UTF-8"?>
<!-- Generated by org.testng.reporters.JUnitReportReporter -->
<testsuite skipped="0" hostname="CBT-MH-000" name="net.Phptravels.phptravels.net.Phptravels.phptravels.TestTour" tests="1" failures="0" timestamp="30 Oct 2019 06:45:33 GMT" time="8.470" errors="0">
  <testcase name="runtest" time="8.470" classname="net.Phptravels.phptravels.net.Phptravels.phptravels.TestTour"/>
</testsuite> <!-- net.Phptravels.phptravels.net.Phptravels.phptravels.TestTour -->
