<?xml version="1.0" encoding="UTF-8"?>
<!-- Generated by org.testng.reporters.JUnitReportReporter -->
<testsuite skipped="0" hostname="CBT-MH-000" name="net.Phptravels.phptravels.net.Phptravels.phptravels.TestHotel" tests="1" failures="0" timestamp="30 Oct 2019 06:44:14 GMT" time="12.079" errors="0">
  <testcase name="runtest" time="12.079" classname="net.Phptravels.phptravels.net.Phptravels.phptravels.TestHotel"/>
</testsuite> <!-- net.Phptravels.phptravels.net.Phptravels.phptravels.TestHotel -->
