<?xml version="1.0" encoding="UTF-8"?>
<!-- Generated by org.testng.reporters.JUnitReportReporter -->
<testsuite skipped="0" hostname="CBT-MH-000" name="net.Phptravels.phptravels.net.Phptravels.phptravels.TestLogin" tests="1" failures="0" timestamp="30 Oct 2019 06:54:23 GMT" time="3.632" errors="0">
  <testcase name="runtest" time="3.632" classname="net.Phptravels.phptravels.net.Phptravels.phptravels.TestLogin"/>
</testsuite> <!-- net.Phptravels.phptravels.net.Phptravels.phptravels.TestLogin -->
